[2016-07-24 17:40:10] production.ERROR: exception 'Symfony\Component\Debug\Exception\FatalErrorException' with message 'syntax error, unexpected '}'' in C:\xampp\htdocs\qualityteam\app\storage\views\9a1f249f3ac3435933821f4b7178d6fb:91
Stack trace:
#0 [internal function]: Illuminate\Exception\Handler->handleShutdown()
#1 {main} [] []
[2016-07-24 17:40:23] production.ERROR: exception 'Symfony\Component\Debug\Exception\FatalErrorException' with message 'syntax error, unexpected '@'' in C:\xampp\htdocs\qualityteam\app\storage\views\9a1f249f3ac3435933821f4b7178d6fb:91
Stack trace:
#0 [internal function]: Illuminate\Exception\Handler->handleShutdown()
#1 {main} [] []
[2016-07-24 17:51:12] production.ERROR: exception 'ErrorException' with message 'Undefined variable: resultado' in C:\xampp\htdocs\qualityteam\app\storage\views\51d7370cfd17d7d34e3d8c5b85288d21:32
Stack trace:
#0 C:\xampp\htdocs\qualityteam\app\storage\views\51d7370cfd17d7d34e3d8c5b85288d21(32): Illuminate\Exception\Handler->handleError(8, 'Undefined varia...', 'C:\\xampp\\htdocs...', 32, Array)
#1 C:\xampp\htdocs\qualityteam\vendor\laravel\framework\src\Illuminate\View\Engines\PhpEngine.php(37): include('C:\\xampp\\htdocs...')
#2 C:\xampp\htdocs\qualityteam\vendor\laravel\framework\src\Illuminate\View\Engines\CompilerEngine.php(56): Illuminate\View\Engines\PhpEngine->evaluatePath('C:\\xampp\\htdocs...', Array)
#3 C:\xampp\htdocs\qualityteam\vendor\laravel\framework\src\Illuminate\View\View.php(140): Illuminate\View\Engines\CompilerEngine->get('C:\\xampp\\htdocs...', Array)
#4 C:\xampp\htdocs\qualityteam\vendor\laravel\framework\src\Illuminate\View\View.php(109): Illuminate\View\View->getContents()
#5 C:\xampp\htdocs\qualityteam\vendor\laravel\framework\src\Illuminate\View\View.php(78): Illuminate\View\View->renderContents()
#6 C:\xampp\htdocs\qualityteam\vendor\laravel\framework\src\Illuminate\Http\Response.php(43): Illuminate\View\View->render()
#7 C:\xampp\htdocs\qualityteam\vendor\symfony\http-foundation\Symfony\Component\HttpFoundation\Response.php(202): Illuminate\Http\Response->setContent(Object(Illuminate\View\View))
#8 C:\xampp\htdocs\qualityteam\vendor\laravel\framework\src\Illuminate\Routing\Router.php(1501): Symfony\Component\HttpFoundation\Response->__construct(Object(Illuminate\View\View))
#9 C:\xampp\htdocs\qualityteam\vendor\laravel\framework\src\Illuminate\Routing\Router.php(1036): Illuminate\Routing\Router->prepareResponse(Object(Illuminate\Http\Request), Object(Illuminate\View\View))
#10 C:\xampp\htdocs\qualityteam\vendor\laravel\framework\src\Illuminate\Routing\Router.php(1001): Illuminate\Routing\Router->dispatchToRoute(Object(Illuminate\Http\Request))
#11 C:\xampp\htdocs\qualityteam\vendor\laravel\framework\src\Illuminate\Foundation\Application.php(775): Illuminate\Routing\Router->dispatch(Object(Illuminate\Http\Request))
#12 C:\xampp\htdocs\qualityteam\vendor\laravel\framework\src\Illuminate\Foundation\Application.php(745): Illuminate\Foundation\Application->dispatch(Object(Illuminate\Http\Request))
#13 C:\xampp\htdocs\qualityteam\vendor\laravel\framework\src\Illuminate\Session\Middleware.php(72): Illuminate\Foundation\Application->handle(Object(Illuminate\Http\Request), 1, true)
#14 C:\xampp\htdocs\qualityteam\vendor\laravel\framework\src\Illuminate\Cookie\Queue.php(47): Illuminate\Session\Middleware->handle(Object(Illuminate\Http\Request), 1, true)
#15 C:\xampp\htdocs\qualityteam\vendor\laravel\framework\src\Illuminate\Cookie\Guard.php(51): Illuminate\Cookie\Queue->handle(Object(Illuminate\Http\Request), 1, true)
#16 C:\xampp\htdocs\qualityteam\vendor\stack\builder\src\Stack\StackedHttpKernel.php(23): Illuminate\Cookie\Guard->handle(Object(Illuminate\Http\Request), 1, true)
#17 C:\xampp\htdocs\qualityteam\vendor\laravel\framework\src\Illuminate\Foundation\Application.php(641): Stack\StackedHttpKernel->handle(Object(Illuminate\Http\Request))
#18 C:\xampp\htdocs\qualityteam\public\index.php(49): Illuminate\Foundation\Application->run()
#19 {main}

Next exception 'ErrorException' with message 'Undefined variable: resultado (View: C:\xampp\htdocs\qualityteam\app\views\HomeController\director.blade.php)' in C:\xampp\htdocs\qualityteam\app\storage\views\51d7370cfd17d7d34e3d8c5b85288d21:32
Stack trace:
#0 C:\xampp\htdocs\qualityteam\vendor\laravel\framework\src\Illuminate\View\Engines\PhpEngine.php(41): Illuminate\View\Engines\CompilerEngine->handleViewException(Object(ErrorException), 1)
#1 C:\xampp\htdocs\qualityteam\vendor\laravel\framework\src\Illuminate\View\Engines\CompilerEngine.php(56): Illuminate\View\Engines\PhpEngine->evaluatePath('C:\\xampp\\htdocs...', Array)
#2 C:\xampp\htdocs\qualityteam\vendor\laravel\framework\src\Illuminate\View\View.php(140): Illuminate\View\Engines\CompilerEngine->get('C:\\xampp\\htdocs...', Array)
#3 C:\xampp\htdocs\qualityteam\vendor\laravel\framework\src\Illuminate\View\View.php(109): Illuminate\View\View->getContents()
#4 C:\xampp\htdocs\qualityteam\vendor\laravel\framework\src\Illuminate\View\View.php(78): Illuminate\View\View->renderContents()
#5 C:\xampp\htdocs\qualityteam\vendor\laravel\framework\src\Illuminate\Http\Response.php(43): Illuminate\View\View->render()
#6 C:\xampp\htdocs\qualityteam\vendor\symfony\http-foundation\Symfony\Component\HttpFoundation\Response.php(202): Illuminate\Http\Response->setContent(Object(Illuminate\View\View))
#7 C:\xampp\htdocs\qualityteam\vendor\laravel\framework\src\Illuminate\Routing\Router.php(1501): Symfony\Component\HttpFoundation\Response->__construct(Object(Illuminate\View\View))
#8 C:\xampp\htdocs\qualityteam\vendor\laravel\framework\src\Illuminate\Routing\Router.php(1036): Illuminate\Routing\Router->prepareResponse(Object(Illuminate\Http\Request), Object(Illuminate\View\View))
#9 C:\xampp\htdocs\qualityteam\vendor\laravel\framework\src\Illuminate\Routing\Router.php(1001): Illuminate\Routing\Router->dispatchToRoute(Object(Illuminate\Http\Request))
#10 C:\xampp\htdocs\qualityteam\vendor\laravel\framework\src\Illuminate\Foundation\Application.php(775): Illuminate\Routing\Router->dispatch(Object(Illuminate\Http\Request))
#11 C:\xampp\htdocs\qualityteam\vendor\laravel\framework\src\Illuminate\Foundation\Application.php(745): Illuminate\Foundation\Application->dispatch(Object(Illuminate\Http\Request))
#12 C:\xampp\htdocs\qualityteam\vendor\laravel\framework\src\Illuminate\Session\Middleware.php(72): Illuminate\Foundation\Application->handle(Object(Illuminate\Http\Request), 1, true)
#13 C:\xampp\htdocs\qualityteam\vendor\laravel\framework\src\Illuminate\Cookie\Queue.php(47): Illuminate\Session\Middleware->handle(Object(Illuminate\Http\Request), 1, true)
#14 C:\xampp\htdocs\qualityteam\vendor\laravel\framework\src\Illuminate\Cookie\Guard.php(51): Illuminate\Cookie\Queue->handle(Object(Illuminate\Http\Request), 1, true)
#15 C:\xampp\htdocs\qualityteam\vendor\stack\builder\src\Stack\StackedHttpKernel.php(23): Illuminate\Cookie\Guard->handle(Object(Illuminate\Http\Request), 1, true)
#16 C:\xampp\htdocs\qualityteam\vendor\laravel\framework\src\Illuminate\Foundation\Application.php(641): Stack\StackedHttpKernel->handle(Object(Illuminate\Http\Request))
#17 C:\xampp\htdocs\qualityteam\public\index.php(49): Illuminate\Foundation\Application->run()
#18 {main} [] []
[2016-07-24 18:06:59] production.ERROR: exception 'BadMethodCallException' with message 'Method [exportar_execel] does not exist.' in C:\xampp\htdocs\qualityteam\vendor\laravel\framework\src\Illuminate\Routing\Controller.php:268
Stack trace:
#0 [internal function]: Illuminate\Routing\Controller->__call('exportar_execel', Array)
#1 [internal function]: HomeController->exportar_execel()
#2 C:\xampp\htdocs\qualityteam\vendor\laravel\framework\src\Illuminate\Routing\Controller.php(231): call_user_func_array(Array, Array)
#3 C:\xampp\htdocs\qualityteam\vendor\laravel\framework\src\Illuminate\Routing\ControllerDispatcher.php(93): Illuminate\Routing\Controller->callAction('exportar_execel', Array)
#4 C:\xampp\htdocs\qualityteam\vendor\laravel\framework\src\Illuminate\Routing\ControllerDispatcher.php(62): Illuminate\Routing\ControllerDispatcher->call(Object(HomeController), Object(Illuminate\Routing\Route), 'exportar_execel')
#5 C:\xampp\htdocs\qualityteam\vendor\laravel\framework\src\Illuminate\Routing\Router.php(967): Illuminate\Routing\ControllerDispatcher->dispatch(Object(Illuminate\Routing\Route), Object(Illuminate\Http\Request), 'HomeController', 'exportar_execel')
#6 [internal function]: Illuminate\Routing\Router->Illuminate\Routing\{closure}()
#7 C:\xampp\htdocs\qualityteam\vendor\laravel\framework\src\Illuminate\Routing\Route.php(109): call_user_func_array(Object(Closure), Array)
#8 C:\xampp\htdocs\qualityteam\vendor\laravel\framework\src\Illuminate\Routing\Router.php(1033): Illuminate\Routing\Route->run(Object(Illuminate\Http\Request))
#9 C:\xampp\htdocs\qualityteam\vendor\laravel\framework\src\Illuminate\Routing\Router.php(1001): Illuminate\Routing\Router->dispatchToRoute(Object(Illuminate\Http\Request))
#10 C:\xampp\htdocs\qualityteam\vendor\laravel\framework\src\Illuminate\Foundation\Application.php(775): Illuminate\Routing\Router->dispatch(Object(Illuminate\Http\Request))
#11 C:\xampp\htdocs\qualityteam\vendor\laravel\framework\src\Illuminate\Foundation\Application.php(745): Illuminate\Foundation\Application->dispatch(Object(Illuminate\Http\Request))
#12 C:\xampp\htdocs\qualityteam\vendor\laravel\framework\src\Illuminate\Session\Middleware.php(72): Illuminate\Foundation\Application->handle(Object(Illuminate\Http\Request), 1, true)
#13 C:\xampp\htdocs\qualityteam\vendor\laravel\framework\src\Illuminate\Cookie\Queue.php(47): Illuminate\Session\Middleware->handle(Object(Illuminate\Http\Request), 1, true)
#14 C:\xampp\htdocs\qualityteam\vendor\laravel\framework\src\Illuminate\Cookie\Guard.php(51): Illuminate\Cookie\Queue->handle(Object(Illuminate\Http\Request), 1, true)
#15 C:\xampp\htdocs\qualityteam\vendor\stack\builder\src\Stack\StackedHttpKernel.php(23): Illuminate\Cookie\Guard->handle(Object(Illuminate\Http\Request), 1, true)
#16 C:\xampp\htdocs\qualityteam\vendor\laravel\framework\src\Illuminate\Foundation\Application.php(641): Stack\StackedHttpKernel->handle(Object(Illuminate\Http\Request))
#17 C:\xampp\htdocs\qualityteam\public\index.php(49): Illuminate\Foundation\Application->run()
#18 {main} [] []
[2016-07-24 18:23:41] production.ERROR: exception 'ErrorException' with message 'Trying to get property of non-object' in C:\xampp\htdocs\qualityteam\app\storage\views\9a1f249f3ac3435933821f4b7178d6fb:58
Stack trace:
#0 C:\xampp\htdocs\qualityteam\app\storage\views\9a1f249f3ac3435933821f4b7178d6fb(58): Illuminate\Exception\Handler->handleError(8, 'Trying to get p...', 'C:\\xampp\\htdocs...', 58, Array)
#1 C:\xampp\htdocs\qualityteam\vendor\laravel\framework\src\Illuminate\View\Engines\PhpEngine.php(37): include('C:\\xampp\\htdocs...')
#2 C:\xampp\htdocs\qualityteam\vendor\laravel\framework\src\Illuminate\View\Engines\CompilerEngine.php(56): Illuminate\View\Engines\PhpEngine->evaluatePath('C:\\xampp\\htdocs...', Array)
#3 C:\xampp\htdocs\qualityteam\vendor\laravel\framework\src\Illuminate\View\View.php(140): Illuminate\View\Engines\CompilerEngine->get('C:\\xampp\\htdocs...', Array)
#4 C:\xampp\htdocs\qualityteam\vendor\laravel\framework\src\Illuminate\View\View.php(109): Illuminate\View\View->getContents()
#5 C:\xampp\htdocs\qualityteam\vendor\laravel\framework\src\Illuminate\View\View.php(78): Illuminate\View\View->renderContents()
#6 C:\xampp\htdocs\qualityteam\app\storage\views\051737c1cb95a3d2510e104e73cb7d4e(22): Illuminate\View\View->render()
#7 C:\xampp\htdocs\qualityteam\vendor\laravel\framework\src\Illuminate\View\Engines\PhpEngine.php(37): include('C:\\xampp\\htdocs...')
#8 C:\xampp\htdocs\qualityteam\vendor\laravel\framework\src\Illuminate\View\Engines\CompilerEngine.php(56): Illuminate\View\Engines\PhpEngine->evaluatePath('C:\\xampp\\htdocs...', Array)
#9 C:\xampp\htdocs\qualityteam\vendor\laravel\framework\src\Illuminate\View\View.php(140): Illuminate\View\Engines\CompilerEngine->get('C:\\xampp\\htdocs...', Array)
#10 C:\xampp\htdocs\qualityteam\vendor\laravel\framework\src\Illuminate\View\View.php(109): Illuminate\View\View->getContents()
#11 C:\xampp\htdocs\qualityteam\vendor\laravel\framework\src\Illuminate\View\View.php(78): Illuminate\View\View->renderContents()
#12 C:\xampp\htdocs\qualityteam\vendor\laravel\framework\src\Illuminate\Http\Response.php(43): Illuminate\View\View->render()
#13 C:\xampp\htdocs\qualityteam\vendor\symfony\http-foundation\Symfony\Component\HttpFoundation\Response.php(202): Illuminate\Http\Response->setContent(Object(Illuminate\View\View))
#14 C:\xampp\htdocs\qualityteam\vendor\laravel\framework\src\Illuminate\Routing\Router.php(1501): Symfony\Component\HttpFoundation\Response->__construct(Object(Illuminate\View\View))
#15 C:\xampp\htdocs\qualityteam\vendor\laravel\framework\src\Illuminate\Routing\Router.php(1036): Illuminate\Routing\Router->prepareResponse(Object(Illuminate\Http\Request), Object(Illuminate\View\View))
#16 C:\xampp\htdocs\qualityteam\vendor\laravel\framework\src\Illuminate\Routing\Router.php(1001): Illuminate\Routing\Router->dispatchToRoute(Object(Illuminate\Http\Request))
#17 C:\xampp\htdocs\qualityteam\vendor\laravel\framework\src\Illuminate\Foundation\Application.php(775): Illuminate\Routing\Router->dispatch(Object(Illuminate\Http\Request))
#18 C:\xampp\htdocs\qualityteam\vendor\laravel\framework\src\Illuminate\Foundation\Application.php(745): Illuminate\Foundation\Application->dispatch(Object(Illuminate\Http\Request))
#19 C:\xampp\htdocs\qualityteam\vendor\laravel\framework\src\Illuminate\Session\Middleware.php(72): Illuminate\Foundation\Application->handle(Object(Illuminate\Http\Request), 1, true)
#20 C:\xampp\htdocs\qualityteam\vendor\laravel\framework\src\Illuminate\Cookie\Queue.php(47): Illuminate\Session\Middleware->handle(Object(Illuminate\Http\Request), 1, true)
#21 C:\xampp\htdocs\qualityteam\vendor\laravel\framework\src\Illuminate\Cookie\Guard.php(51): Illuminate\Cookie\Queue->handle(Object(Illuminate\Http\Request), 1, true)
#22 C:\xampp\htdocs\qualityteam\vendor\stack\builder\src\Stack\StackedHttpKernel.php(23): Illuminate\Cookie\Guard->handle(Object(Illuminate\Http\Request), 1, true)
#23 C:\xampp\htdocs\qualityteam\vendor\laravel\framework\src\Illuminate\Foundation\Application.php(641): Stack\StackedHttpKernel->handle(Object(Illuminate\Http\Request))
#24 C:\xampp\htdocs\qualityteam\public\index.php(49): Illuminate\Foundation\Application->run()
#25 {main}

Next exception 'ErrorException' with message 'Trying to get property of non-object (View: C:\xampp\htdocs\qualityteam\app\views\layouts\master.blade.php)' in C:\xampp\htdocs\qualityteam\app\storage\views\9a1f249f3ac3435933821f4b7178d6fb:58
Stack trace:
#0 C:\xampp\htdocs\qualityteam\vendor\laravel\framework\src\Illuminate\View\Engines\PhpEngine.php(41): Illuminate\View\Engines\CompilerEngine->handleViewException(Object(ErrorException), 1)
#1 C:\xampp\htdocs\qualityteam\vendor\laravel\framework\src\Illuminate\View\Engines\CompilerEngine.php(56): Illuminate\View\Engines\PhpEngine->evaluatePath('C:\\xampp\\htdocs...', Array)
#2 C:\xampp\htdocs\qualityteam\vendor\laravel\framework\src\Illuminate\View\View.php(140): Illuminate\View\Engines\CompilerEngine->get('C:\\xampp\\htdocs...', Array)
#3 C:\xampp\htdocs\qualityteam\vendor\laravel\framework\src\Illuminate\View\View.php(109): Illuminate\View\View->getContents()
#4 C:\xampp\htdocs\qualityteam\vendor\laravel\framework\src\Illuminate\View\View.php(78): Illuminate\View\View->renderContents()
#5 C:\xampp\htdocs\qualityteam\app\storage\views\051737c1cb95a3d2510e104e73cb7d4e(22): Illuminate\View\View->render()
#6 C:\xampp\htdocs\qualityteam\vendor\laravel\framework\src\Illuminate\View\Engines\PhpEngine.php(37): include('C:\\xampp\\htdocs...')
#7 C:\xampp\htdocs\qualityteam\vendor\laravel\framework\src\Illuminate\View\Engines\CompilerEngine.php(56): Illuminate\View\Engines\PhpEngine->evaluatePath('C:\\xampp\\htdocs...', Array)
#8 C:\xampp\htdocs\qualityteam\vendor\laravel\framework\src\Illuminate\View\View.php(140): Illuminate\View\Engines\CompilerEngine->get('C:\\xampp\\htdocs...', Array)
#9 C:\xampp\htdocs\qualityteam\vendor\laravel\framework\src\Illuminate\View\View.php(109): Illuminate\View\View->getContents()
#10 C:\xampp\htdocs\qualityteam\vendor\laravel\framework\src\Illuminate\View\View.php(78): Illuminate\View\View->renderContents()
#11 C:\xampp\htdocs\qualityteam\vendor\laravel\framework\src\Illuminate\Http\Response.php(43): Illuminate\View\View->render()
#12 C:\xampp\htdocs\qualityteam\vendor\symfony\http-foundation\Symfony\Component\HttpFoundation\Response.php(202): Illuminate\Http\Response->setContent(Object(Illuminate\View\View))
#13 C:\xampp\htdocs\qualityteam\vendor\laravel\framework\src\Illuminate\Routing\Router.php(1501): Symfony\Component\HttpFoundation\Response->__construct(Object(Illuminate\View\View))
#14 C:\xampp\htdocs\qualityteam\vendor\laravel\framework\src\Illuminate\Routing\Router.php(1036): Illuminate\Routing\Router->prepareResponse(Object(Illuminate\Http\Request), Object(Illuminate\View\View))
#15 C:\xampp\htdocs\qualityteam\vendor\laravel\framework\src\Illuminate\Routing\Router.php(1001): Illuminate\Routing\Router->dispatchToRoute(Object(Illuminate\Http\Request))
#16 C:\xampp\htdocs\qualityteam\vendor\laravel\framework\src\Illuminate\Foundation\Application.php(775): Illuminate\Routing\Router->dispatch(Object(Illuminate\Http\Request))
#17 C:\xampp\htdocs\qualityteam\vendor\laravel\framework\src\Illuminate\Foundation\Application.php(745): Illuminate\Foundation\Application->dispatch(Object(Illuminate\Http\Request))
#18 C:\xampp\htdocs\qualityteam\vendor\laravel\framework\src\Illuminate\Session\Middleware.php(72): Illuminate\Foundation\Application->handle(Object(Illuminate\Http\Request), 1, true)
#19 C:\xampp\htdocs\qualityteam\vendor\laravel\framework\src\Illuminate\Cookie\Queue.php(47): Illuminate\Session\Middleware->handle(Object(Illuminate\Http\Request), 1, true)
#20 C:\xampp\htdocs\qualityteam\vendor\laravel\framework\src\Illuminate\Cookie\Guard.php(51): Illuminate\Cookie\Queue->handle(Object(Illuminate\Http\Request), 1, true)
#21 C:\xampp\htdocs\qualityteam\vendor\stack\builder\src\Stack\StackedHttpKernel.php(23): Illuminate\Cookie\Guard->handle(Object(Illuminate\Http\Request), 1, true)
#22 C:\xampp\htdocs\qualityteam\vendor\laravel\framework\src\Illuminate\Foundation\Application.php(641): Stack\StackedHttpKernel->handle(Object(Illuminate\Http\Request))
#23 C:\xampp\htdocs\qualityteam\public\index.php(49): Illuminate\Foundation\Application->run()
#24 {main}

Next exception 'ErrorException' with message 'Trying to get property of non-object (View: C:\xampp\htdocs\qualityteam\app\views\layouts\master.blade.php) (View: C:\xampp\htdocs\qualityteam\app\views\layouts\master.blade.php)' in C:\xampp\htdocs\qualityteam\app\storage\views\9a1f249f3ac3435933821f4b7178d6fb:58
Stack trace:
#0 C:\xampp\htdocs\qualityteam\vendor\laravel\framework\src\Illuminate\View\Engines\PhpEngine.php(41): Illuminate\View\Engines\CompilerEngine->handleViewException(Object(ErrorException), 1)
#1 C:\xampp\htdocs\qualityteam\vendor\laravel\framework\src\Illuminate\View\Engines\CompilerEngine.php(56): Illuminate\View\Engines\PhpEngine->evaluatePath('C:\\xampp\\htdocs...', Array)
#2 C:\xampp\htdocs\qualityteam\vendor\laravel\framework\src\Illuminate\View\View.php(140): Illuminate\View\Engines\CompilerEngine->get('C:\\xampp\\htdocs...', Array)
#3 C:\xampp\htdocs\qualityteam\vendor\laravel\framework\src\Illuminate\View\View.php(109): Illuminate\View\View->getContents()
#4 C:\xampp\htdocs\qualityteam\vendor\laravel\framework\src\Illuminate\View\View.php(78): Illuminate\View\View->renderContents()
#5 C:\xampp\htdocs\qualityteam\vendor\laravel\framework\src\Illuminate\Http\Response.php(43): Illuminate\View\View->render()
#6 C:\xampp\htdocs\qualityteam\vendor\symfony\http-foundation\Symfony\Component\HttpFoundation\Response.php(202): Illuminate\Http\Response->setContent(Object(Illuminate\View\View))
#7 C:\xampp\htdocs\qualityteam\vendor\laravel\framework\src\Illuminate\Routing\Router.php(1501): Symfony\Component\HttpFoundation\Response->__construct(Object(Illuminate\View\View))
#8 C:\xampp\htdocs\qualityteam\vendor\laravel\framework\src\Illuminate\Routing\Router.php(1036): Illuminate\Routing\Router->prepareResponse(Object(Illuminate\Http\Request), Object(Illuminate\View\View))
#9 C:\xampp\htdocs\qualityteam\vendor\laravel\framework\src\Illuminate\Routing\Router.php(1001): Illuminate\Routing\Router->dispatchToRoute(Object(Illuminate\Http\Request))
#10 C:\xampp\htdocs\qualityteam\vendor\laravel\framework\src\Illuminate\Foundation\Application.php(775): Illuminate\Routing\Router->dispatch(Object(Illuminate\Http\Request))
#11 C:\xampp\htdocs\qualityteam\vendor\laravel\framework\src\Illuminate\Foundation\Application.php(745): Illuminate\Foundation\Application->dispatch(Object(Illuminate\Http\Request))
#12 C:\xampp\htdocs\qualityteam\vendor\laravel\framework\src\Illuminate\Session\Middleware.php(72): Illuminate\Foundation\Application->handle(Object(Illuminate\Http\Request), 1, true)
#13 C:\xampp\htdocs\qualityteam\vendor\laravel\framework\src\Illuminate\Cookie\Queue.php(47): Illuminate\Session\Middleware->handle(Object(Illuminate\Http\Request), 1, true)
#14 C:\xampp\htdocs\qualityteam\vendor\laravel\framework\src\Illuminate\Cookie\Guard.php(51): Illuminate\Cookie\Queue->handle(Object(Illuminate\Http\Request), 1, true)
#15 C:\xampp\htdocs\qualityteam\vendor\stack\builder\src\Stack\StackedHttpKernel.php(23): Illuminate\Cookie\Guard->handle(Object(Illuminate\Http\Request), 1, true)
#16 C:\xampp\htdocs\qualityteam\vendor\laravel\framework\src\Illuminate\Foundation\Application.php(641): Stack\StackedHttpKernel->handle(Object(Illuminate\Http\Request))
#17 C:\xampp\htdocs\qualityteam\public\index.php(49): Illuminate\Foundation\Application->run()
#18 {main} [] []
